c:\users\master\source\repos\oop\oop\x64\debug\vc141.pdb
c:\users\master\source\repos\oop\oop\x64\debug\.netframework,version=v4.6.1.assemblyattributes.obj
c:\users\master\source\repos\oop\oop\x64\debug\.netframework,version=v4.6.1.assemblyattributes.asm
c:\users\master\source\repos\oop\oop\x64\debug\login.obj
c:\users\master\source\repos\oop\x64\debug\oop.exe
c:\users\master\source\repos\oop\x64\debug\oop.pdb
c:\users\master\source\repos\oop\oop\x64\debug\oop.chat.resources
c:\users\master\source\repos\oop\oop\x64\debug\oop.find.resources
c:\users\master\source\repos\oop\oop\x64\debug\oop.login.resources
c:\users\master\source\repos\oop\oop\x64\debug\oop.matching.resources
c:\users\master\source\repos\oop\oop\x64\debug\oop.reallogin.resources
c:\users\master\source\repos\oop\oop\x64\debug\oop.register.resources
c:\users\master\source\repos\oop\oop\x64\debug\oop.vcxproj.generateresource.cache
c:\users\master\source\repos\oop\oop\x64\debug\oop.vcxprojassemblyreference.cache
c:\users\master\source\repos\oop\oop\x64\debug\oop.tlog\cl.command.1.tlog
c:\users\master\source\repos\oop\oop\x64\debug\oop.tlog\cl.read.1.tlog
c:\users\master\source\repos\oop\oop\x64\debug\oop.tlog\cl.write.1.tlog
c:\users\master\source\repos\oop\oop\x64\debug\oop.tlog\link.command.1.tlog
c:\users\master\source\repos\oop\oop\x64\debug\oop.tlog\link.read.1.tlog
c:\users\master\source\repos\oop\oop\x64\debug\oop.tlog\link.write.1.tlog
c:\users\master\source\repos\oop\oop\x64\debug\oop.tlog\metagen.read.1.tlog
c:\users\master\source\repos\oop\oop\x64\debug\oop.tlog\metagen.write.1.tlog
c:\users\master\source\repos\oop\oop\x64\debug\oop.tlog\oop.write.1u.tlog
